<?xml version="1.0" encoding="UTF-8"?>
<!-- Generated by org.testng.reporters.JUnitXMLReporter -->
<testsuite ignored="0" hostname="LAPTOP-APCIE6MH" failures="1" tests="2" name="Test" time="12.524" errors="0" timestamp="2023-01-26T22:20:38 IST">
  <testcase classname="TestClasses.VerifyLoginPage" name="verifyLoginPage" time="3.639"/>
  <testcase classname="TestClasses.Verify6monthsTab" name="verify6months" time="0.002">
    <failure type="java.lang.NullPointerException" message="Cannot invoke &amp;quot;org.openqa.selenium.SearchContext.findElement(org.openqa.selenium.By)&amp;quot; because &amp;quot;this.searchContext&amp;quot; is null">
      <![CDATA[java.lang.NullPointerException: Cannot invoke "org.openqa.selenium.SearchContext.findElement(org.openqa.selenium.By)" because "this.searchContext" is null
at org.openqa.selenium.support.pagefactory.DefaultElementLocator.findElement(DefaultElementLocator.java:70)
at org.openqa.selenium.support.pagefactory.internal.LocatingElementHandler.invoke(LocatingElementHandler.java:39)
at jdk.proxy2/jdk.proxy2.$Proxy17.click(Unknown Source)
at PomClasses.ScrollDown.clickScrollDown(ScrollDown.java:29)
at TestClasses.Verify6monthsTab.verify6months(Verify6monthsTab.java:37)
at java.base/java.util.ArrayList.forEach(ArrayList.java:1511)
... Removed 27 stack frames]]>
    </failure>
  </testcase> <!-- verify6months -->
</testsuite> <!-- Test -->
